#
# There is insufficient memory for the Java Runtime Environment to continue.
# Native memory allocation (malloc) failed to allocate 503136 bytes. Error detail: Chunk::new
# Possible reasons:
#   The system is out of physical RAM or swap space
#   This process is running with CompressedOops enabled, and the Java Heap may be blocking the growth of the native heap
# Possible solutions:
#   Reduce memory load on the system
#   Increase physical memory or swap space
#   Check if swap backing store is full
#   Decrease Java heap size (-Xmx/-Xms)
#   Decrease number of Java threads
#   Decrease Java thread stack sizes (-Xss)
#   Set larger code cache with -XX:ReservedCodeCacheSize=
#   JVM is running with Zero Based Compressed Oops mode in which the Java heap is
#     placed in the first 32GB address space. The Java Heap base address is the
#     maximum limit for the native heap growth. Please use -XX:HeapBaseMinAddress
#     to set the Java Heap base and to place the Java Heap above 32GB virtual address.
# This output file may be truncated or incomplete.
#
#  Out of Memory Error (arena.cpp:168), pid=42336, tid=26756
#
# JRE version: OpenJDK Runtime Environment (21.0.5) (build 21.0.5+-12932927-b750.29)
# Java VM: OpenJDK 64-Bit Server VM (21.0.5+-12932927-b750.29, mixed mode, tiered, compressed oops, compressed class ptrs, g1 gc, windows-amd64)
# No core dump will be written. Minidumps are not enabled by default on client versions of Windows
#

---------------  S U M M A R Y ------------

Command Line: git4idea.http.GitAskPassApp Username for 'https://github.com': 

Host: AMD Ryzen 7 5800HS with Radeon Graphics        , 16 cores, 15G,  Windows 11 , 64 bit Build 22621 (10.0.22621.5124)
Time: Sun May  4 15:08:12 2025 India Standard Time elapsed time: 0.598858 seconds (0d 0h 0m 0s)

---------------  T H R E A D  ---------------

Current thread (0x000001fe34834420):  JavaThread "C2 CompilerThread0" daemon [_thread_in_native, id=26756, stack(0x000000addb300000,0x000000addb400000) (1024K)]


Current CompileTask:
C2:599 1174       4       sun.security.ec.ECOperations::setDouble (463 bytes)

Stack: [0x000000addb300000,0x000000addb400000]
Native frames: (J=compiled Java code, j=interpreted, Vv=VM code, C=native code)
V  [jvm.dll+0x6cfb29]
V  [jvm.dll+0x85ded3]
V  [jvm.dll+0x86042e]
V  [jvm.dll+0x860b13]
V  [jvm.dll+0x27e6b6]
V  [jvm.dll+0xbff6d]
V  [jvm.dll+0xc04a3]
V  [jvm.dll+0x2f2750]
V  [jvm.dll+0x5fa0c9]
V  [jvm.dll+0x250d62]
V  [jvm.dll+0x24956d]
V  [jvm.dll+0x24712e]
V  [jvm.dll+0x1c5ee4]
V  [jvm.dll+0x25697c]
V  [jvm.dll+0x254ec6]
V  [jvm.dll+0x3f0ce6]
V  [jvm.dll+0x806368]
V  [jvm.dll+0x6ce3fd]
C  [ucrtbase.dll+0x29333]
C  [KERNEL32.DLL+0x1259d]
C  [ntdll.dll+0x5af38]


---------------  P R O C E S S  ---------------

Threads class SMR info:
_java_thread_list=0x000001fe347f9d60, length=15, elements={
0x000001fe17dbefc0, 0x000001fe3481ba30, 0x000001fe3481e750, 0x000001fe34805060,
0x000001fe348080c0, 0x000001fe34808b10, 0x000001fe3480a2c0, 0x000001fe34834420,
0x000001fe34854ee0, 0x000001fe345e7370, 0x000001fe34a01390, 0x000001fe34a0d400,
0x000001fe393eab20, 0x000001fe39477a90, 0x000001fe394928d0
}

Java Threads: ( => current thread )
  0x000001fe17dbefc0 JavaThread "main"                              [_thread_blocked, id=42260, stack(0x000000adda500000,0x000000adda600000) (1024K)]
  0x000001fe3481ba30 JavaThread "Reference Handler"          daemon [_thread_blocked, id=29212, stack(0x000000addad00000,0x000000addae00000) (1024K)]
  0x000001fe3481e750 JavaThread "Finalizer"                  daemon [_thread_blocked, id=43264, stack(0x000000addae00000,0x000000addaf00000) (1024K)]
  0x000001fe34805060 JavaThread "Signal Dispatcher"          daemon [_thread_blocked, id=43396, stack(0x000000addaf00000,0x000000addb000000) (1024K)]
  0x000001fe348080c0 JavaThread "Attach Listener"            daemon [_thread_blocked, id=42212, stack(0x000000addb000000,0x000000addb100000) (1024K)]
  0x000001fe34808b10 JavaThread "Service Thread"             daemon [_thread_blocked, id=37400, stack(0x000000addb100000,0x000000addb200000) (1024K)]
  0x000001fe3480a2c0 JavaThread "Monitor Deflation Thread"   daemon [_thread_blocked, id=20352, stack(0x000000addb200000,0x000000addb300000) (1024K)]
=>0x000001fe34834420 JavaThread "C2 CompilerThread0"         daemon [_thread_in_native, id=26756, stack(0x000000addb300000,0x000000addb400000) (1024K)]
  0x000001fe34854ee0 JavaThread "C1 CompilerThread0"         daemon [_thread_in_native, id=19408, stack(0x000000addb400000,0x000000addb500000) (1024K)]
  0x000001fe345e7370 JavaThread "C1 CompilerThread1"         daemon [_thread_in_vm, id=28508, stack(0x000000addb500000,0x000000addb600000) (1024K)]
  0x000001fe34a01390 JavaThread "Notification Thread"        daemon [_thread_blocked, id=39552, stack(0x000000addb600000,0x000000addb700000) (1024K)]
  0x000001fe34a0d400 JavaThread "Common-Cleaner"             daemon [_thread_blocked, id=43180, stack(0x000000addb700000,0x000000addb800000) (1024K)]
  0x000001fe393eab20 JavaThread "HttpClient-1-SelectorManager" daemon [_thread_in_native, id=26544, stack(0x000000addb800000,0x000000addb900000) (1024K)]
  0x000001fe39477a90 JavaThread "HttpClient-1-Worker-0"      daemon [_thread_in_Java, id=42428, stack(0x000000addba00000,0x000000addbb00000) (1024K)]
  0x000001fe394928d0 JavaThread "HttpClient-1-Worker-1"      daemon [_thread_blocked, id=14784, stack(0x000000addbb00000,0x000000addbc00000) (1024K)]
Total: 15

Other Threads:
  0x000001fe347b4530 VMThread "VM Thread"                           [id=40712, stack(0x000000addac00000,0x000000addad00000) (1024K)]
  0x000001fe345e6510 WatcherThread "VM Periodic Task Thread"        [id=2516, stack(0x000000addab00000,0x000000addac00000) (1024K)]
  0x000001fe19fef3b0 WorkerThread "GC Thread#0"                     [id=9868, stack(0x000000adda600000,0x000000adda700000) (1024K)]
  0x000001fe19fffb80 ConcurrentGCThread "G1 Main Marker"            [id=26512, stack(0x000000adda700000,0x000000adda800000) (1024K)]
  0x000001fe1a000e20 WorkerThread "G1 Conc#0"                       [id=20624, stack(0x000000adda800000,0x000000adda900000) (1024K)]
  0x000001fe344b7840 ConcurrentGCThread "G1 Refine#0"               [id=22172, stack(0x000000adda900000,0x000000addaa00000) (1024K)]
  0x000001fe344b81c0 ConcurrentGCThread "G1 Service"                [id=13552, stack(0x000000addaa00000,0x000000addab00000) (1024K)]
Total: 7

Threads with active compile tasks:
C2 CompilerThread0  638 1174       4       sun.security.ec.ECOperations::setDouble (463 bytes)
Total: 1

VM state: not at safepoint (normal execution)

VM Mutex/Monitor currently owned by a thread: None

Heap address: 0x0000000709800000, size: 3944 MB, Compressed Oops mode: Zero based, Oop shift amount: 3

CDS archive(s) not mapped
Compressed class space mapped at: 0x0000000800000000-0x0000000840000000, reserved size: 1073741824
Narrow klass base: 0x0000000800000000, Narrow klass shift: 0, Narrow klass range: 0x40000000

GC Precious Log:
 CardTable entry size: 512
 Card Set container configuration: InlinePtr #cards 4 size 8 Array Of Cards #cards 16 size 48 Howl #buckets 8 coarsen threshold 3686 Howl Bitmap #cards 512 size 80 coarsen threshold 460 Card regions per heap region 1 cards per card region 4096
 CPUs: 16 total, 16 available
 Memory: 15775M
 Large Page Support: Disabled
 NUMA Support: Disabled
 Compressed Oops: Enabled (Zero based)
 Heap Region Size: 2M
 Heap Min Capacity: 8M
 Heap Initial Capacity: 248M
 Heap Max Capacity: 3944M
 Pre-touch: Disabled
 Parallel Workers: 13
 Concurrent Workers: 3
 Concurrent Refinement Workers: 13
 Periodic GC: Disabled

Heap:
 garbage-first heap   total 253952K, used 16384K [0x0000000709800000, 0x0000000800000000)
  region size 2048K, 9 young (18432K), 0 survivors (0K)
 Metaspace       used 17320K, committed 17600K, reserved 1114112K
  class space    used 1843K, committed 1984K, reserved 1048576K

Heap Regions: E=young(eden), S=young(survivor), O=old, HS=humongous(starts), HC=humongous(continues), CS=collection set, F=free, TAMS=top-at-mark-start, PB=parsable bottom
|   0|0x0000000709800000, 0x0000000709800000, 0x0000000709a00000|  0%| F|  |TAMS 0x0000000709800000| PB 0x0000000709800000| Untracked 
|   1|0x0000000709a00000, 0x0000000709a00000, 0x0000000709c00000|  0%| F|  |TAMS 0x0000000709a00000| PB 0x0000000709a00000| Untracked 
|   2|0x0000000709c00000, 0x0000000709c00000, 0x0000000709e00000|  0%| F|  |TAMS 0x0000000709c00000| PB 0x0000000709c00000| Untracked 
|   3|0x0000000709e00000, 0x0000000709e00000, 0x000000070a000000|  0%| F|  |TAMS 0x0000000709e00000| PB 0x0000000709e00000| Untracked 
|   4|0x000000070a000000, 0x000000070a000000, 0x000000070a200000|  0%| F|  |TAMS 0x000000070a000000| PB 0x000000070a000000| Untracked 
|   5|0x000000070a200000, 0x000000070a200000, 0x000000070a400000|  0%| F|  |TAMS 0x000000070a200000| PB 0x000000070a200000| Untracked 
|   6|0x000000070a400000, 0x000000070a400000, 0x000000070a600000|  0%| F|  |TAMS 0x000000070a400000| PB 0x000000070a400000| Untracked 
|   7|0x000000070a600000, 0x000000070a600000, 0x000000070a800000|  0%| F|  |TAMS 0x000000070a600000| PB 0x000000070a600000| Untracked 
|   8|0x000000070a800000, 0x000000070a800000, 0x000000070aa00000|  0%| F|  |TAMS 0x000000070a800000| PB 0x000000070a800000| Untracked 
|   9|0x000000070aa00000, 0x000000070aa00000, 0x000000070ac00000|  0%| F|  |TAMS 0x000000070aa00000| PB 0x000000070aa00000| Untracked 
|  10|0x000000070ac00000, 0x000000070ac00000, 0x000000070ae00000|  0%| F|  |TAMS 0x000000070ac00000| PB 0x000000070ac00000| Untracked 
|  11|0x000000070ae00000, 0x000000070ae00000, 0x000000070b000000|  0%| F|  |TAMS 0x000000070ae00000| PB 0x000000070ae00000| Untracked 
|  12|0x000000070b000000, 0x000000070b000000, 0x000000070b200000|  0%| F|  |TAMS 0x000000070b000000| PB 0x000000070b000000| Untracked 
|  13|0x000000070b200000, 0x000000070b200000, 0x000000070b400000|  0%| F|  |TAMS 0x000000070b200000| PB 0x000000070b200000| Untracked 
|  14|0x000000070b400000, 0x000000070b400000, 0x000000070b600000|  0%| F|  |TAMS 0x000000070b400000| PB 0x000000070b400000| Untracked 
|  15|0x000000070b600000, 0x000000070b600000, 0x000000070b800000|  0%| F|  |TAMS 0x000000070b600000| PB 0x000000070b600000| Untracked 
|  16|0x000000070b800000, 0x000000070b800000, 0x000000070ba00000|  0%| F|  |TAMS 0x000000070b800000| PB 0x000000070b800000| Untracked 
|  17|0x000000070ba00000, 0x000000070ba00000, 0x000000070bc00000|  0%| F|  |TAMS 0x000000070ba00000| PB 0x000000070ba00000| Untracked 
|  18|0x000000070bc00000, 0x000000070bc00000, 0x000000070be00000|  0%| F|  |TAMS 0x000000070bc00000| PB 0x000000070bc00000| Untracked 
|  19|0x000000070be00000, 0x000000070be00000, 0x000000070c000000|  0%| F|  |TAMS 0x000000070be00000| PB 0x000000070be00000| Untracked 
|  20|0x000000070c000000, 0x000000070c000000, 0x000000070c200000|  0%| F|  |TAMS 0x000000070c000000| PB 0x000000070c000000| Untracked 
|  21|0x000000070c200000, 0x000000070c200000, 0x000000070c400000|  0%| F|  |TAMS 0x000000070c200000| PB 0x000000070c200000| Untracked 
|  22|0x000000070c400000, 0x000000070c400000, 0x000000070c600000|  0%| F|  |TAMS 0x000000070c400000| PB 0x000000070c400000| Untracked 
|  23|0x000000070c600000, 0x000000070c600000, 0x000000070c800000|  0%| F|  |TAMS 0x000000070c600000| PB 0x000000070c600000| Untracked 
|  24|0x000000070c800000, 0x000000070c800000, 0x000000070ca00000|  0%| F|  |TAMS 0x000000070c800000| PB 0x000000070c800000| Untracked 
|  25|0x000000070ca00000, 0x000000070ca00000, 0x000000070cc00000|  0%| F|  |TAMS 0x000000070ca00000| PB 0x000000070ca00000| Untracked 
|  26|0x000000070cc00000, 0x000000070cc00000, 0x000000070ce00000|  0%| F|  |TAMS 0x000000070cc00000| PB 0x000000070cc00000| Untracked 
|  27|0x000000070ce00000, 0x000000070ce00000, 0x000000070d000000|  0%| F|  |TAMS 0x000000070ce00000| PB 0x000000070ce00000| Untracked 
|  28|0x000000070d000000, 0x000000070d000000, 0x000000070d200000|  0%| F|  |TAMS 0x000000070d000000| PB 0x000000070d000000| Untracked 
|  29|0x000000070d200000, 0x000000070d200000, 0x000000070d400000|  0%| F|  |TAMS 0x000000070d200000| PB 0x000000070d200000| Untracked 
|  30|0x000000070d400000, 0x000000070d400000, 0x000000070d600000|  0%| F|  |TAMS 0x000000070d400000| PB 0x000000070d400000| Untracked 
|  31|0x000000070d600000, 0x000000070d600000, 0x000000070d800000|  0%| F|  |TAMS 0x000000070d600000| PB 0x000000070d600000| Untracked 
|  32|0x000000070d800000, 0x000000070d800000, 0x000000070da00000|  0%| F|  |TAMS 0x000000070d800000| PB 0x000000070d800000| Untracked 
|  33|0x000000070da00000, 0x000000070da00000, 0x000000070dc00000|  0%| F|  |TAMS 0x000000070da00000| PB 0x000000070da00000| Untracked 
|  34|0x000000070dc00000, 0x000000070dc00000, 0x000000070de00000|  0%| F|  |TAMS 0x000000070dc00000| PB 0x000000070dc00000| Untracked 
|  35|0x000000070de00000, 0x000000070de00000, 0x000000070e000000|  0%| F|  |TAMS 0x000000070de00000| PB 0x000000070de00000| Untracked 
|  36|0x000000070e000000, 0x000000070e000000, 0x000000070e200000|  0%| F|  |TAMS 0x000000070e000000| PB 0x000000070e000000| Untracked 
|  37|0x000000070e200000, 0x000000070e200000, 0x000000070e400000|  0%| F|  |TAMS 0x000000070e200000| PB 0x000000070e200000| Untracked 
|  38|0x000000070e400000, 0x000000070e400000, 0x000000070e600000|  0%| F|  |TAMS 0x000000070e400000| PB 0x000000070e400000| Untracked 
|  39|0x000000070e600000, 0x000000070e600000, 0x000000070e800000|  0%| F|  |TAMS 0x000000070e600000| PB 0x000000070e600000| Untracked 
|  40|0x000000070e800000, 0x000000070e800000, 0x000000070ea00000|  0%| F|  |TAMS 0x000000070e800000| PB 0x000000070e800000| Untracked 
|  41|0x000000070ea00000, 0x000000070ea00000, 0x000000070ec00000|  0%| F|  |TAMS 0x000000070ea00000| PB 0x000000070ea00000| Untracked 
|  42|0x000000070ec00000, 0x000000070ec00000, 0x000000070ee00000|  0%| F|  |TAMS 0x000000070ec00000| PB 0x000000070ec00000| Untracked 
|  43|0x000000070ee00000, 0x000000070ee00000, 0x000000070f000000|  0%| F|  |TAMS 0x000000070ee00000| PB 0x000000070ee00000| Untracked 
|  44|0x000000070f000000, 0x000000070f000000, 0x000000070f200000|  0%| F|  |TAMS 0x000000070f000000| PB 0x000000070f000000| Untracked 
|  45|0x000000070f200000, 0x000000070f200000, 0x000000070f400000|  0%| F|  |TAMS 0x000000070f200000| PB 0x000000070f200000| Untracked 
|  46|0x000000070f400000, 0x000000070f400000, 0x000000070f600000|  0%| F|  |TAMS 0x000000070f400000| PB 0x000000070f400000| Untracked 
|  47|0x000000070f600000, 0x000000070f600000, 0x000000070f800000|  0%| F|  |TAMS 0x000000070f600000| PB 0x000000070f600000| Untracked 
|  48|0x000000070f800000, 0x000000070f800000, 0x000000070fa00000|  0%| F|  |TAMS 0x000000070f800000| PB 0x000000070f800000| Untracked 
|  49|0x000000070fa00000, 0x000000070fa00000, 0x000000070fc00000|  0%| F|  |TAMS 0x000000070fa00000| PB 0x000000070fa00000| Untracked 
|  50|0x000000070fc00000, 0x000000070fc00000, 0x000000070fe00000|  0%| F|  |TAMS 0x000000070fc00000| PB 0x000000070fc00000| Untracked 
|  51|0x000000070fe00000, 0x000000070fe00000, 0x0000000710000000|  0%| F|  |TAMS 0x000000070fe00000| PB 0x000000070fe00000| Untracked 
|  52|0x0000000710000000, 0x0000000710000000, 0x0000000710200000|  0%| F|  |TAMS 0x0000000710000000| PB 0x0000000710000000| Untracked 
|  53|0x0000000710200000, 0x0000000710200000, 0x0000000710400000|  0%| F|  |TAMS 0x0000000710200000| PB 0x0000000710200000| Untracked 
|  54|0x0000000710400000, 0x0000000710400000, 0x0000000710600000|  0%| F|  |TAMS 0x0000000710400000| PB 0x0000000710400000| Untracked 
|  55|0x0000000710600000, 0x0000000710600000, 0x0000000710800000|  0%| F|  |TAMS 0x0000000710600000| PB 0x0000000710600000| Untracked 
|  56|0x0000000710800000, 0x0000000710800000, 0x0000000710a00000|  0%| F|  |TAMS 0x0000000710800000| PB 0x0000000710800000| Untracked 
|  57|0x0000000710a00000, 0x0000000710a00000, 0x0000000710c00000|  0%| F|  |TAMS 0x0000000710a00000| PB 0x0000000710a00000| Untracked 
|  58|0x0000000710c00000, 0x0000000710c00000, 0x0000000710e00000|  0%| F|  |TAMS 0x0000000710c00000| PB 0x0000000710c00000| Untracked 
|  59|0x0000000710e00000, 0x0000000710e00000, 0x0000000711000000|  0%| F|  |TAMS 0x0000000710e00000| PB 0x0000000710e00000| Untracked 
|  60|0x0000000711000000, 0x0000000711000000, 0x0000000711200000|  0%| F|  |TAMS 0x0000000711000000| PB 0x0000000711000000| Untracked 
|  61|0x0000000711200000, 0x0000000711200000, 0x0000000711400000|  0%| F|  |TAMS 0x0000000711200000| PB 0x0000000711200000| Untracked 
|  62|0x0000000711400000, 0x0000000711400000, 0x0000000711600000|  0%| F|  |TAMS 0x0000000711400000| PB 0x0000000711400000| Untracked 
|  63|0x0000000711600000, 0x0000000711600000, 0x0000000711800000|  0%| F|  |TAMS 0x0000000711600000| PB 0x0000000711600000| Untracked 
|  64|0x0000000711800000, 0x0000000711800000, 0x0000000711a00000|  0%| F|  |TAMS 0x0000000711800000| PB 0x0000000711800000| Untracked 
|  65|0x0000000711a00000, 0x0000000711a00000, 0x0000000711c00000|  0%| F|  |TAMS 0x0000000711a00000| PB 0x0000000711a00000| Untracked 
|  66|0x0000000711c00000, 0x0000000711c00000, 0x0000000711e00000|  0%| F|  |TAMS 0x0000000711c00000| PB 0x0000000711c00000| Untracked 
|  67|0x0000000711e00000, 0x0000000711e00000, 0x0000000712000000|  0%| F|  |TAMS 0x0000000711e00000| PB 0x0000000711e00000| Untracked 
|  68|0x0000000712000000, 0x0000000712000000, 0x0000000712200000|  0%| F|  |TAMS 0x0000000712000000| PB 0x0000000712000000| Untracked 
|  69|0x0000000712200000, 0x0000000712200000, 0x0000000712400000|  0%| F|  |TAMS 0x0000000712200000| PB 0x0000000712200000| Untracked 
|  70|0x0000000712400000, 0x0000000712400000, 0x0000000712600000|  0%| F|  |TAMS 0x0000000712400000| PB 0x0000000712400000| Untracked 
|  71|0x0000000712600000, 0x0000000712600000, 0x0000000712800000|  0%| F|  |TAMS 0x0000000712600000| PB 0x0000000712600000| Untracked 
|  72|0x0000000712800000, 0x0000000712800000, 0x0000000712a00000|  0%| F|  |TAMS 0x0000000712800000| PB 0x0000000712800000| Untracked 
|  73|0x0000000712a00000, 0x0000000712a00000, 0x0000000712c00000|  0%| F|  |TAMS 0x0000000712a00000| PB 0x0000000712a00000| Untracked 
|  74|0x0000000712c00000, 0x0000000712c00000, 0x0000000712e00000|  0%| F|  |TAMS 0x0000000712c00000| PB 0x0000000712c00000| Untracked 
|  75|0x0000000712e00000, 0x0000000712e00000, 0x0000000713000000|  0%| F|  |TAMS 0x0000000712e00000| PB 0x0000000712e00000| Untracked 
|  76|0x0000000713000000, 0x0000000713000000, 0x0000000713200000|  0%| F|  |TAMS 0x0000000713000000| PB 0x0000000713000000| Untracked 
|  77|0x0000000713200000, 0x0000000713200000, 0x0000000713400000|  0%| F|  |TAMS 0x0000000713200000| PB 0x0000000713200000| Untracked 
|  78|0x0000000713400000, 0x0000000713400000, 0x0000000713600000|  0%| F|  |TAMS 0x0000000713400000| PB 0x0000000713400000| Untracked 
|  79|0x0000000713600000, 0x0000000713600000, 0x0000000713800000|  0%| F|  |TAMS 0x0000000713600000| PB 0x0000000713600000| Untracked 
|  80|0x0000000713800000, 0x0000000713800000, 0x0000000713a00000|  0%| F|  |TAMS 0x0000000713800000| PB 0x0000000713800000| Untracked 
|  81|0x0000000713a00000, 0x0000000713a00000, 0x0000000713c00000|  0%| F|  |TAMS 0x0000000713a00000| PB 0x0000000713a00000| Untracked 
|  82|0x0000000713c00000, 0x0000000713c00000, 0x0000000713e00000|  0%| F|  |TAMS 0x0000000713c00000| PB 0x0000000713c00000| Untracked 
|  83|0x0000000713e00000, 0x0000000713e00000, 0x0000000714000000|  0%| F|  |TAMS 0x0000000713e00000| PB 0x0000000713e00000| Untracked 
|  84|0x0000000714000000, 0x0000000714000000, 0x0000000714200000|  0%| F|  |TAMS 0x0000000714000000| PB 0x0000000714000000| Untracked 
|  85|0x0000000714200000, 0x0000000714200000, 0x0000000714400000|  0%| F|  |TAMS 0x0000000714200000| PB 0x0000000714200000| Untracked 
|  86|0x0000000714400000, 0x0000000714400000, 0x0000000714600000|  0%| F|  |TAMS 0x0000000714400000| PB 0x0000000714400000| Untracked 
|  87|0x0000000714600000, 0x0000000714600000, 0x0000000714800000|  0%| F|  |TAMS 0x0000000714600000| PB 0x0000000714600000| Untracked 
|  88|0x0000000714800000, 0x0000000714800000, 0x0000000714a00000|  0%| F|  |TAMS 0x0000000714800000| PB 0x0000000714800000| Untracked 
|  89|0x0000000714a00000, 0x0000000714a00000, 0x0000000714c00000|  0%| F|  |TAMS 0x0000000714a00000| PB 0x0000000714a00000| Untracked 
|  90|0x0000000714c00000, 0x0000000714c00000, 0x0000000714e00000|  0%| F|  |TAMS 0x0000000714c00000| PB 0x0000000714c00000| Untracked 
|  91|0x0000000714e00000, 0x0000000714e00000, 0x0000000715000000|  0%| F|  |TAMS 0x0000000714e00000| PB 0x0000000714e00000| Untracked 
|  92|0x0000000715000000, 0x0000000715000000, 0x0000000715200000|  0%| F|  |TAMS 0x0000000715000000| PB 0x0000000715000000| Untracked 
|  93|0x0000000715200000, 0x0000000715200000, 0x0000000715400000|  0%| F|  |TAMS 0x0000000715200000| PB 0x0000000715200000| Untracked 
|  94|0x0000000715400000, 0x0000000715400000, 0x0000000715600000|  0%| F|  |TAMS 0x0000000715400000| PB 0x0000000715400000| Untracked 
|  95|0x0000000715600000, 0x0000000715600000, 0x0000000715800000|  0%| F|  |TAMS 0x0000000715600000| PB 0x0000000715600000| Untracked 
|  96|0x0000000715800000, 0x0000000715800000, 0x0000000715a00000|  0%| F|  |TAMS 0x0000000715800000| PB 0x0000000715800000| Untracked 
|  97|0x0000000715a00000, 0x0000000715a00000, 0x0000000715c00000|  0%| F|  |TAMS 0x0000000715a00000| PB 0x0000000715a00000| Untracked 
|  98|0x0000000715c00000, 0x0000000715c00000, 0x0000000715e00000|  0%| F|  |TAMS 0x0000000715c00000| PB 0x0000000715c00000| Untracked 
|  99|0x0000000715e00000, 0x0000000715e00000, 0x0000000716000000|  0%| F|  |TAMS 0x0000000715e00000| PB 0x0000000715e00000| Untracked 
| 100|0x0000000716000000, 0x0000000716000000, 0x0000000716200000|  0%| F|  |TAMS 0x0000000716000000| PB 0x0000000716000000| Untracked 
| 101|0x0000000716200000, 0x0000000716200000, 0x0000000716400000|  0%| F|  |TAMS 0x0000000716200000| PB 0x0000000716200000| Untracked 
| 102|0x0000000716400000, 0x0000000716400000, 0x0000000716600000|  0%| F|  |TAMS 0x0000000716400000| PB 0x0000000716400000| Untracked 
| 103|0x0000000716600000, 0x0000000716600000, 0x0000000716800000|  0%| F|  |TAMS 0x0000000716600000| PB 0x0000000716600000| Untracked 
| 104|0x0000000716800000, 0x0000000716800000, 0x0000000716a00000|  0%| F|  |TAMS 0x0000000716800000| PB 0x0000000716800000| Untracked 
| 105|0x0000000716a00000, 0x0000000716a00000, 0x0000000716c00000|  0%| F|  |TAMS 0x0000000716a00000| PB 0x0000000716a00000| Untracked 
| 106|0x0000000716c00000, 0x0000000716c00000, 0x0000000716e00000|  0%| F|  |TAMS 0x0000000716c00000| PB 0x0000000716c00000| Untracked 
| 107|0x0000000716e00000, 0x0000000716e00000, 0x0000000717000000|  0%| F|  |TAMS 0x0000000716e00000| PB 0x0000000716e00000| Untracked 
| 108|0x0000000717000000, 0x0000000717000000, 0x0000000717200000|  0%| F|  |TAMS 0x0000000717000000| PB 0x0000000717000000| Untracked 
| 109|0x0000000717200000, 0x0000000717200000, 0x0000000717400000|  0%| F|  |TAMS 0x0000000717200000| PB 0x0000000717200000| Untracked 
| 110|0x0000000717400000, 0x0000000717400000, 0x0000000717600000|  0%| F|  |TAMS 0x0000000717400000| PB 0x0000000717400000| Untracked 
| 111|0x0000000717600000, 0x0000000717600000, 0x0000000717800000|  0%| F|  |TAMS 0x0000000717600000| PB 0x0000000717600000| Untracked 
| 112|0x0000000717800000, 0x0000000717800000, 0x0000000717a00000|  0%| F|  |TAMS 0x0000000717800000| PB 0x0000000717800000| Untracked 
| 113|0x0000000717a00000, 0x0000000717a00000, 0x0000000717c00000|  0%| F|  |TAMS 0x0000000717a00000| PB 0x0000000717a00000| Untracked 
| 114|0x0000000717c00000, 0x0000000717c00000, 0x0000000717e00000|  0%| F|  |TAMS 0x0000000717c00000| PB 0x0000000717c00000| Untracked 
| 115|0x0000000717e00000, 0x0000000717f51f68, 0x0000000718000000| 66%| E|  |TAMS 0x0000000717e00000| PB 0x0000000717e00000| Complete 
| 116|0x0000000718000000, 0x0000000718200000, 0x0000000718200000|100%| E|CS|TAMS 0x0000000718000000| PB 0x0000000718000000| Complete 
| 117|0x0000000718200000, 0x0000000718400000, 0x0000000718400000|100%| E|CS|TAMS 0x0000000718200000| PB 0x0000000718200000| Complete 
| 118|0x0000000718400000, 0x0000000718600000, 0x0000000718600000|100%| E|CS|TAMS 0x0000000718400000| PB 0x0000000718400000| Complete 
| 119|0x0000000718600000, 0x0000000718800000, 0x0000000718800000|100%| E|CS|TAMS 0x0000000718600000| PB 0x0000000718600000| Complete 
| 120|0x0000000718800000, 0x0000000718a00000, 0x0000000718a00000|100%| E|CS|TAMS 0x0000000718800000| PB 0x0000000718800000| Complete 
| 121|0x0000000718a00000, 0x0000000718c00000, 0x0000000718c00000|100%| E|CS|TAMS 0x0000000718a00000| PB 0x0000000718a00000| Complete 
| 122|0x0000000718c00000, 0x0000000718e00000, 0x0000000718e00000|100%| E|CS|TAMS 0x0000000718c00000| PB 0x0000000718c00000| Complete 
| 123|0x0000000718e00000, 0x0000000719000000, 0x0000000719000000|100%| E|CS|TAMS 0x0000000718e00000| PB 0x0000000718e00000| Complete 

Card table byte_map: [0x000001fe2d120000,0x000001fe2d8e0000] _byte_map_base: 0x000001fe298d4000

Marking Bits: (CMBitMap*) 0x000001fe19fefab0
 Bits: [0x000001fe2d8e0000, 0x000001fe31680000)

Polling page: 0x000001fe17f70000

Metaspace:

Usage:
  Non-class:     15.11 MB used.
      Class:      1.80 MB used.
       Both:     16.91 MB used.

Virtual space:
  Non-class space:       64.00 MB reserved,      15.25 MB ( 24%) committed,  1 nodes.
      Class space:        1.00 GB reserved,       1.94 MB ( <1%) committed,  1 nodes.
             Both:        1.06 GB reserved,      17.19 MB (  2%) committed. 

Chunk freelists:
   Non-Class:  652.00 KB
       Class:  14.09 MB
        Both:  14.73 MB

MaxMetaspaceSize: unlimited
CompressedClassSpaceSize: 1.00 GB
Initial GC threshold: 21.00 MB
Current GC threshold: 21.00 MB
CDS: off
 - commit_granule_bytes: 65536.
 - commit_granule_words: 8192.
 - virtual_space_node_default_size: 8388608.
 - enlarge_chunks_in_place: 1.
 - use_allocation_guard: 0.


Internal statistics:

num_allocs_failed_limit: 0.
num_arena_births: 268.
num_arena_deaths: 0.
num_vsnodes_births: 2.
num_vsnodes_deaths: 0.
num_space_committed: 275.
num_space_uncommitted: 0.
num_chunks_returned_to_freelist: 0.
num_chunks_taken_from_freelist: 478.
num_chunk_merges: 0.
num_chunk_splits: 260.
num_chunks_enlarged: 123.
num_inconsistent_stats: 0.

CodeHeap 'non-profiled nmethods': size=119168Kb used=406Kb max_used=406Kb free=118761Kb
 bounds [0x000001fe24c80000, 0x000001fe24ef0000, 0x000001fe2c0e0000]
CodeHeap 'profiled nmethods': size=119104Kb used=2302Kb max_used=2302Kb free=116802Kb
 bounds [0x000001fe1d0e0000, 0x000001fe1d350000, 0x000001fe24530000]
CodeHeap 'non-nmethods': size=7488Kb used=1976Kb max_used=1989Kb free=5511Kb
 bounds [0x000001fe24530000, 0x000001fe247a0000, 0x000001fe24c80000]
 total_blobs=1841 nmethods=1323 adapters=422
 compilation: enabled
              stopped_count=0, restarted_count=0
 full_count=0

Compilation events (20 events):
Event: 0.577 Thread 0x000001fe345e7370 nmethod 1249 0x000001fe1d2f2890 code [0x000001fe1d2f2ae0, 0x000001fe1d2f3298]
Event: 0.578 Thread 0x000001fe34854ee0 nmethod 1250 0x000001fe1d2f3590 code [0x000001fe1d2f3720, 0x000001fe1d2f3828]
Event: 0.578 Thread 0x000001fe345e7370 1251       3       java.lang.invoke.DirectMethodHandle::make (21 bytes)
Event: 0.578 Thread 0x000001fe345e7370 nmethod 1251 0x000001fe1d2f3890 code [0x000001fe1d2f3a60, 0x000001fe1d2f3d50]
Event: 0.580 Thread 0x000001fe345e7370 1253       3       jdk.internal.misc.Unsafe::checkNativeAddress (28 bytes)
Event: 0.580 Thread 0x000001fe345e7370 nmethod 1253 0x000001fe1d2f3e90 code [0x000001fe1d2f4020, 0x000001fe1d2f4138]
Event: 0.580 Thread 0x000001fe345e7370 1254   !   3       java.lang.invoke.MethodHandleNatives::linkMethodHandleConstant (50 bytes)
Event: 0.580 Thread 0x000001fe34854ee0 1255       3       java.lang.invoke.MethodHandles$Lookup::linkMethodHandleConstant (223 bytes)
Event: 0.581 Thread 0x000001fe345e7370 nmethod 1254 0x000001fe1d2f4210 code [0x000001fe1d2f43e0, 0x000001fe1d2f45e8]
Event: 0.582 Thread 0x000001fe34854ee0 nmethod 1255 0x000001fe1d2f4790 code [0x000001fe1d2f4b80, 0x000001fe1d2f6388]
Event: 0.583 Thread 0x000001fe34854ee0 1256       3       java.nio.ByteBuffer::hasArray (20 bytes)
Event: 0.583 Thread 0x000001fe34854ee0 nmethod 1256 0x000001fe1d2f6b10 code [0x000001fe1d2f6cc0, 0x000001fe1d2f6e58]
Event: 0.583 Thread 0x000001fe34854ee0 1257   !   3       jdk.internal.misc.ScopedMemoryAccess::copyMemory (27 bytes)
Event: 0.583 Thread 0x000001fe345e7370 1258   !   3       jdk.internal.misc.ScopedMemoryAccess::copyMemoryInternal (56 bytes)
Event: 0.583 Thread 0x000001fe345e7370 nmethod 1258 0x000001fe1d2f6f10 code [0x000001fe1d2f7100, 0x000001fe1d2f7638]
Event: 0.583 Thread 0x000001fe34854ee0 nmethod 1257 0x000001fe1d2f7990 code [0x000001fe1d2f7ba0, 0x000001fe1d2f81c0]
Event: 0.584 Thread 0x000001fe34854ee0 1259       1       java.util.concurrent.atomic.AtomicInteger::get (5 bytes)
Event: 0.584 Thread 0x000001fe34854ee0 nmethod 1259 0x000001fe24ce3490 code [0x000001fe24ce3620, 0x000001fe24ce36e8]
Event: 0.585 Thread 0x000001fe345e7370 1260       1       sun.security.provider.DigestBase::engineGetDigestLength (5 bytes)
Event: 0.585 Thread 0x000001fe345e7370 nmethod 1260 0x000001fe24ce3790 code [0x000001fe24ce3920, 0x000001fe24ce39e8]

GC Heap History (0 events):
No events

Dll operation events (2 events):
Event: 0.008 Loaded shared library C:\Program Files\Android\Android Studio\jbr\bin\java.dll
Event: 0.013 Loaded shared library C:\Program Files\Android\Android Studio\jbr\bin\zip.dll

Deoptimization events (18 events):
Event: 0.197 Thread 0x000001fe17dbefc0 Uncommon trap: trap_request=0xffffff45 fr.pc=0x000001fe24c93214 relative=0x0000000000000074
Event: 0.197 Thread 0x000001fe17dbefc0 Uncommon trap: reason=unstable_if action=reinterpret pc=0x000001fe24c93214 method=java.lang.CharacterDataLatin1.toLowerCase(I)I @ 16 c2
Event: 0.197 Thread 0x000001fe17dbefc0 DEOPT PACKING pc=0x000001fe24c93214 sp=0x000000adda5fad30
Event: 0.197 Thread 0x000001fe17dbefc0 DEOPT UNPACKING pc=0x000001fe245846a2 sp=0x000000adda5facc0 mode 2
Event: 0.266 Thread 0x000001fe17dbefc0 DEOPT PACKING pc=0x000001fe1d12a287 sp=0x000000adda5fdb00
Event: 0.266 Thread 0x000001fe17dbefc0 DEOPT UNPACKING pc=0x000001fe24584e42 sp=0x000000adda5fcf98 mode 0
Event: 0.278 Thread 0x000001fe17dbefc0 Uncommon trap: trap_request=0xffffff45 fr.pc=0x000001fe24c9fa2c relative=0x000000000000008c
Event: 0.278 Thread 0x000001fe17dbefc0 Uncommon trap: reason=unstable_if action=reinterpret pc=0x000001fe24c9fa2c method=jdk.internal.misc.Unsafe.convEndian(ZI)I @ 4 c2
Event: 0.278 Thread 0x000001fe17dbefc0 DEOPT PACKING pc=0x000001fe24c9fa2c sp=0x000000adda5fdaf0
Event: 0.278 Thread 0x000001fe17dbefc0 DEOPT UNPACKING pc=0x000001fe245846a2 sp=0x000000adda5fda20 mode 2
Event: 0.322 Thread 0x000001fe17dbefc0 DEOPT PACKING pc=0x000001fe1d0f9dcc sp=0x000000adda5fbd10
Event: 0.322 Thread 0x000001fe17dbefc0 DEOPT UNPACKING pc=0x000001fe24584e42 sp=0x000000adda5fb130 mode 0
Event: 0.335 Thread 0x000001fe17dbefc0 DEOPT PACKING pc=0x000001fe1d0f89cc sp=0x000000adda5fd770
Event: 0.335 Thread 0x000001fe17dbefc0 DEOPT UNPACKING pc=0x000001fe24584e42 sp=0x000000adda5fcbd8 mode 0
Event: 0.415 Thread 0x000001fe17dbefc0 Uncommon trap: trap_request=0xffffff45 fr.pc=0x000001fe24ca2c48 relative=0x0000000000000188
Event: 0.415 Thread 0x000001fe17dbefc0 Uncommon trap: reason=unstable_if action=reinterpret pc=0x000001fe24ca2c48 method=java.lang.invoke.VarHandle.checkAccessModeThenIsDirect(Ljava/lang/invoke/VarHandle$AccessDescriptor;)Z @ 4 c2
Event: 0.415 Thread 0x000001fe17dbefc0 DEOPT PACKING pc=0x000001fe24ca2c48 sp=0x000000adda5feb80
Event: 0.415 Thread 0x000001fe17dbefc0 DEOPT UNPACKING pc=0x000001fe245846a2 sp=0x000000adda5feb50 mode 2

Classes loaded (20 events):
Event: 0.562 Loading class jdk/internal/event/TLSHandshakeEvent
Event: 0.563 Loading class jdk/internal/event/TLSHandshakeEvent done
Event: 0.563 Loading class com/sun/crypto/provider/GaloisCounterMode$GCMEncrypt
Event: 0.563 Loading class com/sun/crypto/provider/GaloisCounterMode$GCMEncrypt done
Event: 0.563 Loading class com/sun/crypto/provider/GaloisCounterMode$EncryptOp
Event: 0.563 Loading class com/sun/crypto/provider/GaloisCounterMode$EncryptOp done
Event: 0.563 Loading class sun/security/ssl/CipherSuite$1
Event: 0.563 Loading class sun/security/ssl/CipherSuite$1 done
Event: 0.564 Loading class java/util/concurrent/CompletionException
Event: 0.564 Loading class java/util/concurrent/CompletionException done
Event: 0.577 Loading class java/util/Collections$UnmodifiableMap$UnmodifiableEntrySet
Event: 0.577 Loading class java/util/Collections$UnmodifiableMap$UnmodifiableEntrySet done
Event: 0.577 Loading class java/util/Collections$UnmodifiableMap$UnmodifiableEntrySet$1
Event: 0.577 Loading class java/util/Collections$UnmodifiableMap$UnmodifiableEntrySet$1 done
Event: 0.577 Loading class java/util/Collections$UnmodifiableMap$UnmodifiableEntrySet$UnmodifiableEntry
Event: 0.577 Loading class java/util/Collections$UnmodifiableMap$UnmodifiableEntrySet$UnmodifiableEntry done
Event: 0.584 Loading class sun/security/ssl/NewSessionTicket$T13NewSessionTicketMessage
Event: 0.585 Loading class sun/security/ssl/NewSessionTicket$NewSessionTicketMessage
Event: 0.585 Loading class sun/security/ssl/NewSessionTicket$NewSessionTicketMessage done
Event: 0.585 Loading class sun/security/ssl/NewSessionTicket$T13NewSessionTicketMessage done

Classes unloaded (0 events):
No events

Classes redefined (0 events):
No events

Internal exceptions (20 events):
Event: 0.321 Thread 0x000001fe17dbefc0 Exception <a 'java/lang/NoSuchMethodError'{0x00000007188f8448}: 'int java.lang.invoke.DirectMethodHandle$Holder.invokeStaticInit(java.lang.Object, long, long)'> (0x00000007188f8448) 
thrown [s\src\hotspot\share\interpreter\linkResolver.cpp, line 784]
Event: 0.321 Thread 0x000001fe17dbefc0 Exception <a 'java/lang/NoSuchMethodError'{0x00000007188feee0}: 'int java.lang.invoke.DirectMethodHandle$Holder.invokeStaticInit(java.lang.Object, float, float)'> (0x00000007188feee0) 
thrown [s\src\hotspot\share\interpreter\linkResolver.cpp, line 784]
Event: 0.322 Thread 0x000001fe17dbefc0 Exception <a 'java/lang/NoSuchMethodError'{0x0000000718905970}: 'int java.lang.invoke.DirectMethodHandle$Holder.invokeStaticInit(java.lang.Object, double, double)'> (0x0000000718905970) 
thrown [s\src\hotspot\share\interpreter\linkResolver.cpp, line 784]
Event: 0.322 Thread 0x000001fe17dbefc0 Exception <a 'java/lang/NoSuchMethodError'{0x0000000718909ff8}: 'int java.lang.invoke.DirectMethodHandle$Holder.invokeStatic(java.lang.Object, long)'> (0x0000000718909ff8) 
thrown [s\src\hotspot\share\interpreter\linkResolver.cpp, line 784]
Event: 0.325 Thread 0x000001fe17dbefc0 Exception <a 'java/lang/NoSuchMethodError'{0x0000000718936f00}: 'java.lang.Object java.lang.invoke.DelegatingMethodHandle$Holder.delegate(java.lang.Object, int, java.lang.Object, java.lang.Object)'> (0x0000000718936f00) 
thrown [s\src\hotspot\share\interpreter\linkResolver.cpp, line 784]
Event: 0.326 Thread 0x000001fe17dbefc0 Exception <a 'java/lang/NoSuchMethodError'{0x0000000718946220}: 'int java.lang.invoke.Invokers$Holder.linkToTargetMethod(java.lang.Object, java.lang.Object, java.lang.Object)'> (0x0000000718946220) 
thrown [s\src\hotspot\share\interpreter\linkResolver.cpp, line 784]
Event: 0.329 Thread 0x000001fe17dbefc0 Exception <a 'java/lang/NoSuchMethodError'{0x0000000718975358}: 'long java.lang.invoke.DirectMethodHandle$Holder.invokeSpecial(java.lang.Object, java.lang.Object)'> (0x0000000718975358) 
thrown [s\src\hotspot\share\interpreter\linkResolver.cpp, line 784]
Event: 0.330 Thread 0x000001fe17dbefc0 Exception <a 'java/lang/NoSuchMethodError'{0x000000071897bc28}: 'int java.lang.invoke.DirectMethodHandle$Holder.invokeStatic(java.lang.Object, java.lang.Object, java.lang.Object, java.lang.Object)'> (0x000000071897bc28) 
thrown [s\src\hotspot\share\interpreter\linkResolver.cpp, line 784]
Event: 0.330 Thread 0x000001fe17dbefc0 Exception <a 'java/lang/NoSuchMethodError'{0x000000071897f048}: 'java.lang.Object java.lang.invoke.Invokers$Holder.invokeExact_MT(java.lang.Object, java.lang.Object, java.lang.Object, java.lang.Object, java.lang.Object, java.lang.Object)'> (0x000000071897f048) 
thrown [s\src\hotspot\share\interpreter\linkResolver.cpp, line 784]
Event: 0.405 Thread 0x000001fe17dbefc0 Exception <a 'java/lang/NoSuchMethodError'{0x00000007187cf730}: 'java.lang.Object java.lang.invoke.DirectMethodHandle$Holder.newInvokeSpecial(java.lang.Object, java.lang.Object, java.lang.Object, java.lang.Object, java.lang.Object)'> (0x00000007187cf730) 
thrown [s\src\hotspot\share\interpreter\linkResolver.cpp, line 784]
Event: 0.427 Thread 0x000001fe17dbefc0 Exception <a 'java/lang/NoSuchMethodError'{0x000000071852bb70}: 'java.lang.Object java.lang.invoke.DirectMethodHandle$Holder.invokeSpecial(java.lang.Object, java.lang.Object, java.lang.Object, java.lang.Object, int)'> (0x000000071852bb70) 
thrown [s\src\hotspot\share\interpreter\linkResolver.cpp, line 784]
Event: 0.427 Thread 0x000001fe17dbefc0 Exception <a 'java/lang/NoSuchMethodError'{0x000000071852f4d8}: 'java.lang.Object java.lang.invoke.Invokers$Holder.linkToTargetMethod(java.lang.Object, java.lang.Object, int, java.lang.Object)'> (0x000000071852f4d8) 
thrown [s\src\hotspot\share\interpreter\linkResolver.cpp, line 784]
Event: 0.432 Thread 0x000001fe17dbefc0 Exception <a 'java/lang/NoSuchMethodError'{0x000000071855ad70}: 'void java.lang.invoke.DirectMethodHandle$Holder.invokeSpecial(java.lang.Object, java.lang.Object, java.lang.Object)'> (0x000000071855ad70) 
thrown [s\src\hotspot\share\interpreter\linkResolver.cpp, line 784]
Event: 0.441 Thread 0x000001fe393eab20 Exception <a 'java/lang/NoSuchMethodError'{0x0000000718772300}: 'void java.lang.invoke.DirectMethodHandle$Holder.invokeStatic(java.lang.Object, java.lang.Object, int)'> (0x0000000718772300) 
thrown [s\src\hotspot\share\interpreter\linkResolver.cpp, line 784]
Event: 0.442 Thread 0x000001fe17dbefc0 Exception <a 'java/lang/NoSuchMethodError'{0x00000007185e0aa8}: 'void java.lang.invoke.DirectMethodHandle$Holder.invokeSpecial(java.lang.Object, java.lang.Object, java.lang.Object, java.lang.Object, java.lang.Object)'> (0x00000007185e0aa8) 
thrown [s\src\hotspot\share\interpreter\linkResolver.cpp, line 784]
Event: 0.448 Thread 0x000001fe393eab20 Exception <a 'java/lang/NoSuchMethodError'{0x00000007187abc90}: 'void java.lang.invoke.DirectMethodHandle$Holder.invokeStatic(java.lang.Object, java.lang.Object)'> (0x00000007187abc90) 
thrown [s\src\hotspot\share\interpreter\linkResolver.cpp, line 784]
Event: 0.449 Thread 0x000001fe39477a90 Exception <a 'java/lang/NoSuchMethodError'{0x000000071821f600}: 'void java.lang.invoke.DirectMethodHandle$Holder.invokeInterface(java.lang.Object, java.lang.Object, java.lang.Object)'> (0x000000071821f600) 
thrown [s\src\hotspot\share\interpreter\linkResolver.cpp, line 784]
Event: 0.452 Thread 0x000001fe39477a90 Exception <a 'java/lang/NoSuchMethodError'{0x0000000718264f50}: 'void java.lang.invoke.DirectMethodHandle$Holder.invokeVirtual(java.lang.Object, java.lang.Object)'> (0x0000000718264f50) 
thrown [s\src\hotspot\share\interpreter\linkResolver.cpp, line 784]
Event: 0.533 Thread 0x000001fe39477a90 Exception <a 'java/lang/NoSuchMethodError'{0x0000000718067840}: 'void java.lang.invoke.DirectMethodHandle$Holder.invokeInterface(java.lang.Object, java.lang.Object)'> (0x0000000718067840) 
thrown [s\src\hotspot\share\interpreter\linkResolver.cpp, line 784]
Event: 0.564 Thread 0x000001fe39477a90 Exception <a 'java/lang/NoSuchMethodError'{0x00000007180da6e0}: 'void java.lang.invoke.DirectMethodHandle$Holder.invokeStatic(java.lang.Object, java.lang.Object, java.lang.Object, java.lang.Object)'> (0x00000007180da6e0) 
thrown [s\src\hotspot\share\interpreter\linkResolver.cpp, line 784]

ZGC Phase Switch (0 events):
No events

VM Operations (10 events):
Event: 0.097 Executing VM operation: HandshakeAllThreads (Deoptimize)
Event: 0.097 Executing VM operation: HandshakeAllThreads (Deoptimize) done
Event: 0.106 Executing VM operation: HandshakeAllThreads (Deoptimize)
Event: 0.106 Executing VM operation: HandshakeAllThreads (Deoptimize) done
Event: 0.255 Executing VM operation: HandshakeAllThreads (Deoptimize)
Event: 0.255 Executing VM operation: HandshakeAllThreads (Deoptimize) done
Event: 0.444 Executing VM operation: HandshakeAllThreads (Deoptimize)
Event: 0.444 Executing VM operation: HandshakeAllThreads (Deoptimize) done
Event: 0.536 Executing VM operation: ICBufferFull
Event: 0.536 Executing VM operation: ICBufferFull done

Memory protections (0 events):
No events

Nmethod flushes (0 events):
No events

Events (20 events):
Event: 0.012 Thread 0x000001fe17dbefc0 Thread added: 0x000001fe17dbefc0
Event: 0.045 Thread 0x000001fe17dbefc0 Thread added: 0x000001fe3481ba30
Event: 0.045 Thread 0x000001fe17dbefc0 Thread added: 0x000001fe3481e750
Event: 0.046 Thread 0x000001fe17dbefc0 Thread added: 0x000001fe34805060
Event: 0.046 Thread 0x000001fe17dbefc0 Thread added: 0x000001fe348080c0
Event: 0.046 Thread 0x000001fe17dbefc0 Thread added: 0x000001fe34808b10
Event: 0.046 Thread 0x000001fe17dbefc0 Thread added: 0x000001fe3480a2c0
Event: 0.046 Thread 0x000001fe17dbefc0 Thread added: 0x000001fe34834420
Event: 0.046 Thread 0x000001fe17dbefc0 Thread added: 0x000001fe34854ee0
Event: 0.066 Thread 0x000001fe34854ee0 Thread added: 0x000001fe345e7370
Event: 0.070 Thread 0x000001fe17dbefc0 Thread added: 0x000001fe34a01390
Event: 0.074 Thread 0x000001fe17dbefc0 Thread added: 0x000001fe34a0d400
Event: 0.081 Loaded shared library C:\Program Files\Android\Android Studio\jbr\bin\net.dll
Event: 0.085 Loaded shared library C:\Program Files\Android\Android Studio\jbr\bin\nio.dll
Event: 0.092 Loaded shared library C:\Program Files\Android\Android Studio\jbr\bin\zip.dll
Event: 0.160 Loaded shared library C:\Program Files\Android\Android Studio\jbr\bin\jimage.dll
Event: 0.396 Loaded shared library C:\Program Files\Android\Android Studio\jbr\bin\extnet.dll
Event: 0.401 Thread 0x000001fe17dbefc0 Thread added: 0x000001fe393eab20
Event: 0.447 Thread 0x000001fe393eab20 Thread added: 0x000001fe39477a90
Event: 0.457 Thread 0x000001fe393eab20 Thread added: 0x000001fe394928d0


Dynamic libraries:
0x00007ff77a050000 - 0x00007ff77a05a000 	C:\Program Files\Android\Android Studio\jbr\bin\java.exe
0x00007ffa8ecd0000 - 0x00007ffa8eee7000 	C:\Windows\SYSTEM32\ntdll.dll
0x00007ffa8d3b0000 - 0x00007ffa8d474000 	C:\Windows\System32\KERNEL32.DLL
0x00007ffa8be60000 - 0x00007ffa8c233000 	C:\Windows\System32\KERNELBASE.dll
0x00007ffa8c630000 - 0x00007ffa8c741000 	C:\Windows\System32\ucrtbase.dll
0x00007ffa7b790000 - 0x00007ffa7b7ab000 	C:\Program Files\Android\Android Studio\jbr\bin\VCRUNTIME140.dll
0x00007ffa59320000 - 0x00007ffa59338000 	C:\Program Files\Android\Android Studio\jbr\bin\jli.dll
0x00007ffa8dd60000 - 0x00007ffa8df11000 	C:\Windows\System32\USER32.dll
0x00007ffa8c560000 - 0x00007ffa8c586000 	C:\Windows\System32\win32u.dll
0x00007ffa8cc40000 - 0x00007ffa8cc69000 	C:\Windows\System32\GDI32.dll
0x00007ffa8c380000 - 0x00007ffa8c49b000 	C:\Windows\System32\gdi32full.dll
0x00007ffa8c590000 - 0x00007ffa8c62a000 	C:\Windows\System32\msvcp_win.dll
0x00007ffa8b040000 - 0x00007ffa8b2d8000 	C:\Windows\WinSxS\amd64_microsoft.windows.common-controls_6595b64144ccf1df_6.0.22621.5124_none_270e8f4f7386d69d\COMCTL32.dll
0x00007ffa8d5e0000 - 0x00007ffa8d687000 	C:\Windows\System32\msvcrt.dll
0x00007ffa8cd40000 - 0x00007ffa8cd71000 	C:\Windows\System32\IMM32.DLL
0x00007ffa83bb0000 - 0x00007ffa83bbc000 	C:\Program Files\Android\Android Studio\jbr\bin\vcruntime140_1.dll
0x00007ffa4efa0000 - 0x00007ffa4f02d000 	C:\Program Files\Android\Android Studio\jbr\bin\msvcp140.dll
0x00007ffa11680000 - 0x00007ffa1230a000 	C:\Program Files\Android\Android Studio\jbr\bin\server\jvm.dll
0x00007ffa8ebd0000 - 0x00007ffa8ec81000 	C:\Windows\System32\ADVAPI32.dll
0x00007ffa8cc70000 - 0x00007ffa8cd18000 	C:\Windows\System32\sechost.dll
0x00007ffa8c8c0000 - 0x00007ffa8c8e8000 	C:\Windows\System32\bcrypt.dll
0x00007ffa8cd80000 - 0x00007ffa8ce94000 	C:\Windows\System32\RPCRT4.dll
0x00007ffa8dce0000 - 0x00007ffa8dd51000 	C:\Windows\System32\WS2_32.dll
0x00007ffa8b6f0000 - 0x00007ffa8b73d000 	C:\Windows\SYSTEM32\POWRPROF.dll
0x00007ffa85310000 - 0x00007ffa85344000 	C:\Windows\SYSTEM32\WINMM.dll
0x00007ffa8a460000 - 0x00007ffa8a46a000 	C:\Windows\SYSTEM32\VERSION.dll
0x00007ffa8b410000 - 0x00007ffa8b423000 	C:\Windows\SYSTEM32\UMPDC.dll
0x00007ffa89f50000 - 0x00007ffa89f68000 	C:\Windows\SYSTEM32\kernel.appcore.dll
0x00007ffa7ac10000 - 0x00007ffa7ac1a000 	C:\Program Files\Android\Android Studio\jbr\bin\jimage.dll
0x00007ffa8b740000 - 0x00007ffa8b972000 	C:\Windows\SYSTEM32\DBGHELP.DLL
0x00007ffa8d010000 - 0x00007ffa8d3a2000 	C:\Windows\System32\combase.dll
0x00007ffa8d500000 - 0x00007ffa8d5d7000 	C:\Windows\System32\OLEAUT32.dll
0x00007ffa8b5e0000 - 0x00007ffa8b612000 	C:\Windows\SYSTEM32\dbgcore.DLL
0x00007ffa8c8f0000 - 0x00007ffa8c96b000 	C:\Windows\System32\bcryptPrimitives.dll
0x00007ffa78f50000 - 0x00007ffa78f70000 	C:\Program Files\Android\Android Studio\jbr\bin\java.dll
0x00007ffa78e40000 - 0x00007ffa78e58000 	C:\Program Files\Android\Android Studio\jbr\bin\zip.dll
0x00007ffa8e260000 - 0x00007ffa8eaf6000 	C:\Windows\System32\SHELL32.dll
0x00007ffa8c240000 - 0x00007ffa8c37f000 	C:\Windows\System32\wintypes.dll
0x00007ffa88de0000 - 0x00007ffa896fa000 	C:\Windows\SYSTEM32\windows.storage.dll
0x00007ffa8e150000 - 0x00007ffa8e25a000 	C:\Windows\System32\SHCORE.dll
0x00007ffa8eb60000 - 0x00007ffa8ebc3000 	C:\Windows\System32\shlwapi.dll
0x00007ffa8bd10000 - 0x00007ffa8bd3b000 	C:\Windows\SYSTEM32\profapi.dll
0x00007ffa7a750000 - 0x00007ffa7a760000 	C:\Program Files\Android\Android Studio\jbr\bin\net.dll
0x00007ffa86d80000 - 0x00007ffa86eac000 	C:\Windows\SYSTEM32\WINHTTP.dll
0x00007ffa8a340000 - 0x00007ffa8a3aa000 	C:\Windows\system32\mswsock.dll
0x00007ffa78d70000 - 0x00007ffa78d86000 	C:\Program Files\Android\Android Studio\jbr\bin\nio.dll
0x00007ffa8ba80000 - 0x00007ffa8ba9b000 	C:\Windows\SYSTEM32\CRYPTSP.dll
0x00007ffa89eb0000 - 0x00007ffa89ee7000 	C:\Windows\system32\rsaenh.dll
0x00007ffa8a430000 - 0x00007ffa8a458000 	C:\Windows\SYSTEM32\USERENV.dll
0x00007ffa8a600000 - 0x00007ffa8a60c000 	C:\Windows\SYSTEM32\CRYPTBASE.dll
0x00007ffa89a10000 - 0x00007ffa89a3d000 	C:\Windows\SYSTEM32\IPHLPAPI.DLL
0x00007ffa8d4d0000 - 0x00007ffa8d4d9000 	C:\Windows\System32\NSI.dll
0x00007ffa5f040000 - 0x00007ffa5f048000 	C:\Windows\system32\wshunix.dll
0x00007ffa7a5c0000 - 0x00007ffa7a5c9000 	C:\Program Files\Android\Android Studio\jbr\bin\extnet.dll

dbghelp: loaded successfully - version: 4.0.5 - missing functions: none
symbol engine: initialized successfully - sym options: 0x614 - pdb path: .;C:\Program Files\Android\Android Studio\jbr\bin;C:\Windows\SYSTEM32;C:\Windows\WinSxS\amd64_microsoft.windows.common-controls_6595b64144ccf1df_6.0.22621.5124_none_270e8f4f7386d69d;C:\Program Files\Android\Android Studio\jbr\bin\server

VM Arguments:
java_command: git4idea.http.GitAskPassApp Username for 'https://github.com': 
java_class_path (initial): C:/Program Files/Android/Android Studio/plugins/vcs-git/lib/git4idea-rt.jar;C:/Program Files/Android/Android Studio/lib/externalProcess-rt.jar
Launcher Type: SUN_STANDARD

[Global flags]
     intx CICompilerCount                          = 12                                        {product} {ergonomic}
     uint ConcGCThreads                            = 3                                         {product} {ergonomic}
     uint G1ConcRefinementThreads                  = 13                                        {product} {ergonomic}
   size_t G1HeapRegionSize                         = 2097152                                   {product} {ergonomic}
    uintx GCDrainStackTargetSize                   = 64                                        {product} {ergonomic}
   size_t InitialHeapSize                          = 260046848                                 {product} {ergonomic}
   size_t MarkStackSize                            = 4194304                                   {product} {ergonomic}
   size_t MaxHeapSize                              = 4135583744                                {product} {ergonomic}
   size_t MaxNewSize                               = 2480930816                                {product} {ergonomic}
   size_t MinHeapDeltaBytes                        = 2097152                                   {product} {ergonomic}
   size_t MinHeapSize                              = 8388608                                   {product} {ergonomic}
    uintx NonNMethodCodeHeapSize                   = 7602480                                {pd product} {ergonomic}
    uintx NonProfiledCodeHeapSize                  = 122027880                              {pd product} {ergonomic}
    uintx ProfiledCodeHeapSize                     = 122027880                              {pd product} {ergonomic}
    uintx ReservedCodeCacheSize                    = 251658240                              {pd product} {ergonomic}
     bool SegmentedCodeCache                       = true                                      {product} {ergonomic}
   size_t SoftMaxHeapSize                          = 4135583744                             {manageable} {ergonomic}
     bool UseCompressedOops                        = true                           {product lp64_product} {ergonomic}
     bool UseG1GC                                  = true                                      {product} {ergonomic}
     bool UseLargePagesIndividualAllocation        = false                                  {pd product} {ergonomic}

Logging:
Log output configuration:
 #0: stdout all=warning uptime,level,tags foldmultilines=false
 #1: stderr all=off uptime,level,tags foldmultilines=false

Environment Variables:
PATH=C:/Program Files/Git/mingw64/libexec/git-core;C:/Program Files/Git/mingw64/libexec/git-core;C:\Program Files\Git\mingw64\bin;C:\Program Files\Git\usr\bin;C:\Users\BHUVANESWARAN\bin;C:\Program Files (x86)\Common Files\Oracle\Java\javapath;C:\Windows\system32;C:\Windows;C:\Windows\System32\Wbem;C:\Windows\System32\WindowsPowerShell\v1.0\;C:\Windows\System32\OpenSSH\;C:\Program Files (x86)\NVIDIA Corporation\PhysX\Common;C:\Program Files\NVIDIA Corporation\NVIDIA NvDLISR;C:\Program Files\Amazon\AWSCLIV2\;C:\Program Files\PuTTY\;C:\Program Files\Git\cmd;C:\Program Files (x86)\Rational\common;C:\Program Files (x86)\Microsoft SQL Server\160\DTS\Binn\;C:\Program Files (x86)\Microsoft SQL Server\160\Tools\Binn\;C:\Program Files\Microsoft SQL Server\160\Tools\Binn\;C:\Program Files\Microsoft SQL Server\Client SDK\ODBC\170\Tools\Binn\;C:\Program Files\Microsoft SQL Server\160\DTS\Binn\;C:\Users\BHUVANESWARAN\AppData\Roaming\nvm;C:\Program Files\nodejs;C:\Program Files\nodejs\;c:\Users\BHUVANESWARAN\AppData\Local\Programs\cursor\resources\app\bin;C:\Users\BHUVANESWARAN\AppData\Local\Programs\Python\Python310\Scripts\;C:\Users\BHUVANESWARAN\AppData\Local\Programs\Python\Python310\;C:\Users\BHUVANESWARAN\AppData\Local\Programs\Python\Python311\Scripts\;C:\Users\BHUVANESWARAN\AppData\Local\Programs\Python\Python311\;C:\Users\BHUVANESWARAN\AppData\Local\Microsoft\WindowsApps;C:\Users\BHUVANESWARAN\AppData\Local\Programs\Microsoft VS Code\bin;C:\Users\BHUVANESWARAN\AppData\Local\GitHubDesktop\bin;C:\src\flutter\bin;C:\Program Files\Git\cmd;C:\Program Files\Git\bin;C:\src\flutter;C:\Users\BHUVANESWARAN\AppData\Local\Programs\mongosh\;C:\Users\BHUVANESWARAN\AppData\Roaming\nvm;C:\Program Files\nodejs;C:\Users\BHUVANESWARAN\AppData\Roaming\npm;C:\Users\BHUVANESWARAN\AppData\Local\Programs\cursor\resources\app\bin
USERNAME=BHUVANESWARAN
DISPLAY=:0.0
LC_ALL=en_US.UTF-8
TERM=xterm-256color
TMPDIR=C:\Users\BHUVAN~1\AppData\Local\Temp
OS=Windows_NT
PROCESSOR_IDENTIFIER=AMD64 Family 25 Model 80 Stepping 0, AuthenticAMD
TMP=C:\Users\BHUVAN~1\AppData\Local\Temp
TEMP=C:\Users\BHUVAN~1\AppData\Local\Temp




Periodic native trim disabled

JNI global refs:
JNI global refs: 28, weak refs: 0

JNI global refs memory usage: 835, weak refs: 833

Process memory usage:
Resident Set Size: 79200K (0% of 16154012K total physical memory with 265372K free physical memory)

OOME stack traces (most recent first):
Classloader memory used:
Loader bootstrap                                                                       : 15399K
Loader jdk.internal.loader.ClassLoaders$PlatformClassLoader                            : 1901K
Loader jdk.internal.loader.ClassLoaders$AppClassLoader                                 : 20416B

---------------  S Y S T E M  ---------------

OS:
 Windows 11 , 64 bit Build 22621 (10.0.22621.5124)
OS uptime: 17 days 23:40 hours

CPU: total 16 (initial active 16) (16 cores per cpu, 2 threads per core) family 25 model 80 stepping 0 microcode 0x0, cx8, cmov, fxsr, ht, mmx, 3dnowpref, sse, sse2, sse3, ssse3, sse4a, sse4.1, sse4.2, popcnt, lzcnt, tsc, tscinvbit, avx, avx2, aes, erms, clmul, bmi1, bmi2, adx, sha, fma, vzeroupper, clflush, clflushopt, rdtscp, rdpid, fsrm, f16c, pku, cet_ss
Processor Information for processor 0
  Max Mhz: 3201, Current Mhz: 3201, Mhz Limit: 3201
Processor Information for processor 1
  Max Mhz: 3201, Current Mhz: 3201, Mhz Limit: 3201
Processor Information for processor 2
  Max Mhz: 3201, Current Mhz: 3201, Mhz Limit: 3201
Processor Information for processor 3
  Max Mhz: 3201, Current Mhz: 3201, Mhz Limit: 3201
Processor Information for processor 4
  Max Mhz: 3201, Current Mhz: 3201, Mhz Limit: 3201
Processor Information for processor 5
  Max Mhz: 3201, Current Mhz: 3201, Mhz Limit: 3201
Processor Information for processor 6
  Max Mhz: 3201, Current Mhz: 3201, Mhz Limit: 3201
Processor Information for processor 7
  Max Mhz: 3201, Current Mhz: 3201, Mhz Limit: 3201
Processor Information for processor 8
  Max Mhz: 3201, Current Mhz: 3201, Mhz Limit: 3201
Processor Information for processor 9
  Max Mhz: 3201, Current Mhz: 3201, Mhz Limit: 3201
Processor Information for processor 10
  Max Mhz: 3201, Current Mhz: 3201, Mhz Limit: 3201
Processor Information for processor 11
  Max Mhz: 3201, Current Mhz: 3201, Mhz Limit: 3201
Processor Information for processor 12
  Max Mhz: 3201, Current Mhz: 3201, Mhz Limit: 3201
Processor Information for processor 13
  Max Mhz: 3201, Current Mhz: 3201, Mhz Limit: 3201
Processor Information for processor 14
  Max Mhz: 3201, Current Mhz: 2555, Mhz Limit: 3201
Processor Information for processor 15
  Max Mhz: 3201, Current Mhz: 3201, Mhz Limit: 3201

Memory: 4k page, system-wide physical 15775M (259M free)
TotalPageFile size 56240M (AvailPageFile size 1M)
current process WorkingSet (physical memory assigned to process): 77M, peak: 77M
current process commit charge ("private bytes"): 358M, peak: 359M

vm_info: OpenJDK 64-Bit Server VM (21.0.5+-12932927-b750.29) for windows-amd64 JRE (21.0.5+-12932927-b750.29), built on 2025-01-17T02:01:10Z by "builder" with MS VC++ 16.10 / 16.11 (VS2019)

END.
